app/build/intermediates/manifest_merge_blame_file/debug/manifest-merger-blame-debug-report.txt
1<?xml version="1.0" encoding="utf-8"?>
2<manifest xmlns:android="http://schemas.android.com/apk/res/android"
3    package="com.example.mim"
4    android:versionCode="1"
5    android:versionName="1.0" >
6
7    <uses-sdk
8        android:minSdkVersion="28"
8-->src/main/AndroidManifest.xml
9        android:targetSdkVersion="29" />
9-->src/main/AndroidManifest.xml
10
11    <uses-permission android:name="android.permission.INTERNET" />
11-->src/main/AndroidManifest.xml:4:5-66
11-->src/main/AndroidManifest.xml:4:22-64
12    <uses-permission android:name="android.permission.ACCESS_NETWORK_STATE" />
12-->[com.google.firebase:firebase-auth:22.0.0] AndroidManifest.xml:26:5-79
12-->[com.google.firebase:firebase-auth:22.0.0] AndroidManifest.xml:26:22-76
13    <uses-permission android:name="android.permission.POST_NOTIFICATIONS" />
13-->[com.google.firebase:firebase-messaging:23.1.2] AndroidManifest.xml:25:5-77
13-->[com.google.firebase:firebase-messaging:23.1.2] AndroidManifest.xml:25:22-74
14    <uses-permission android:name="android.permission.WAKE_LOCK" /> <!-- Required by older versions of Google Play services to create IID tokens -->
14-->[com.google.firebase:firebase-messaging:23.1.2] AndroidManifest.xml:26:5-68
14-->[com.google.firebase:firebase-messaging:23.1.2] AndroidManifest.xml:26:22-65
15    <uses-permission android:name="com.google.android.c2dm.permission.RECEIVE" />
15-->[com.google.firebase:firebase-messaging:23.1.2] AndroidManifest.xml:28:5-82
15-->[com.google.firebase:firebase-messaging:23.1.2] AndroidManifest.xml:28:22-79
16
17    <application
17-->src/main/AndroidManifest.xml:6:5-31:19
18        android:name="com.example.mim.notificationchannels"
18-->src/main/AndroidManifest.xml:7:9-45
19        android:allowBackup="true"
19-->src/main/AndroidManifest.xml:8:9-35
20        android:appComponentFactory="androidx.core.app.CoreComponentFactory"
20-->[androidx.core:core:1.7.0] AndroidManifest.xml:24:18-86
21        android:debuggable="true"
22        android:extractNativeLibs="false"
23        android:icon="@drawable/image"
23-->src/main/AndroidManifest.xml:9:9-39
24        android:label="@string/app_name"
24-->src/main/AndroidManifest.xml:10:9-41
25        android:roundIcon="@drawable/image"
25-->src/main/AndroidManifest.xml:11:9-44
26        android:supportsRtl="true"
26-->src/main/AndroidManifest.xml:12:9-35
27        android:theme="@style/AppTheme" >
27-->src/main/AndroidManifest.xml:13:9-40
28        <activity
28-->src/main/AndroidManifest.xml:14:9-17:20
29            android:name="com.example.mim.MainActivity"
29-->src/main/AndroidManifest.xml:15:13-41
30            android:exported="true" >
30-->src/main/AndroidManifest.xml:16:13-36
31        </activity>
32        <activity android:name="com.example.mim.SIGNUP" />
32-->src/main/AndroidManifest.xml:18:9-43
32-->src/main/AndroidManifest.xml:18:19-41
33        <activity android:name="com.example.mim.LogIN" >
33-->src/main/AndroidManifest.xml:19:9-25:20
33-->src/main/AndroidManifest.xml:19:19-40
34            <intent-filter>
34-->src/main/AndroidManifest.xml:20:14-24:29
35                <action android:name="android.intent.action.MAIN" />
35-->src/main/AndroidManifest.xml:21:17-69
35-->src/main/AndroidManifest.xml:21:25-66
36
37                <category android:name="android.intent.category.LAUNCHER" />
37-->src/main/AndroidManifest.xml:23:17-77
37-->src/main/AndroidManifest.xml:23:27-74
38            </intent-filter>
39        </activity>
40        <activity android:name="com.example.mim.Chatlayout" >
40-->src/main/AndroidManifest.xml:26:9-28:20
40-->src/main/AndroidManifest.xml:26:19-45
41        </activity>
42        <activity android:name="com.example.mim.EditProfile" />
42-->src/main/AndroidManifest.xml:29:8-47
42-->src/main/AndroidManifest.xml:29:18-45
43        <activity
43-->[com.google.firebase:firebase-auth:22.0.0] AndroidManifest.xml:29:9-46:20
44            android:name="com.google.firebase.auth.internal.GenericIdpActivity"
44-->[com.google.firebase:firebase-auth:22.0.0] AndroidManifest.xml:30:13-80
45            android:excludeFromRecents="true"
45-->[com.google.firebase:firebase-auth:22.0.0] AndroidManifest.xml:31:13-46
46            android:exported="true"
46-->[com.google.firebase:firebase-auth:22.0.0] AndroidManifest.xml:32:13-36
47            android:launchMode="singleTask"
47-->[com.google.firebase:firebase-auth:22.0.0] AndroidManifest.xml:33:13-44
48            android:theme="@android:style/Theme.Translucent.NoTitleBar" >
48-->[com.google.firebase:firebase-auth:22.0.0] AndroidManifest.xml:34:13-72
49            <intent-filter>
49-->[com.google.firebase:firebase-auth:22.0.0] AndroidManifest.xml:35:13-45:29
50                <action android:name="android.intent.action.VIEW" />
50-->[com.google.firebase:firebase-auth:22.0.0] AndroidManifest.xml:36:17-69
50-->[com.google.firebase:firebase-auth:22.0.0] AndroidManifest.xml:36:25-66
51
52                <category android:name="android.intent.category.DEFAULT" />
52-->[com.google.firebase:firebase-auth:22.0.0] AndroidManifest.xml:38:17-76
52-->[com.google.firebase:firebase-auth:22.0.0] AndroidManifest.xml:38:27-73
53                <category android:name="android.intent.category.BROWSABLE" />
53-->[com.google.firebase:firebase-auth:22.0.0] AndroidManifest.xml:39:17-78
53-->[com.google.firebase:firebase-auth:22.0.0] AndroidManifest.xml:39:27-75
54
55                <data
55-->[com.google.firebase:firebase-auth:22.0.0] AndroidManifest.xml:41:17-44:51
56                    android:host="firebase.auth"
56-->[com.google.firebase:firebase-auth:22.0.0] AndroidManifest.xml:42:21-49
57                    android:path="/"
57-->[com.google.firebase:firebase-auth:22.0.0] AndroidManifest.xml:43:21-37
58                    android:scheme="genericidp" />
58-->[com.google.firebase:firebase-auth:22.0.0] AndroidManifest.xml:44:21-48
59            </intent-filter>
60        </activity>
61        <activity
61-->[com.google.firebase:firebase-auth:22.0.0] AndroidManifest.xml:47:9-64:20
62            android:name="com.google.firebase.auth.internal.RecaptchaActivity"
62-->[com.google.firebase:firebase-auth:22.0.0] AndroidManifest.xml:48:13-79
63            android:excludeFromRecents="true"
63-->[com.google.firebase:firebase-auth:22.0.0] AndroidManifest.xml:49:13-46
64            android:exported="true"
64-->[com.google.firebase:firebase-auth:22.0.0] AndroidManifest.xml:50:13-36
65            android:launchMode="singleTask"
65-->[com.google.firebase:firebase-auth:22.0.0] AndroidManifest.xml:51:13-44
66            android:theme="@android:style/Theme.Translucent.NoTitleBar" >
66-->[com.google.firebase:firebase-auth:22.0.0] AndroidManifest.xml:52:13-72
67            <intent-filter>
67-->[com.google.firebase:firebase-auth:22.0.0] AndroidManifest.xml:53:13-63:29
68                <action android:name="android.intent.action.VIEW" />
68-->[com.google.firebase:firebase-auth:22.0.0] AndroidManifest.xml:36:17-69
68-->[com.google.firebase:firebase-auth:22.0.0] AndroidManifest.xml:36:25-66
69
70                <category android:name="android.intent.category.DEFAULT" />
70-->[com.google.firebase:firebase-auth:22.0.0] AndroidManifest.xml:38:17-76
70-->[com.google.firebase:firebase-auth:22.0.0] AndroidManifest.xml:38:27-73
71                <category android:name="android.intent.category.BROWSABLE" />
71-->[com.google.firebase:firebase-auth:22.0.0] AndroidManifest.xml:39:17-78
71-->[com.google.firebase:firebase-auth:22.0.0] AndroidManifest.xml:39:27-75
72
73                <data
73-->[com.google.firebase:firebase-auth:22.0.0] AndroidManifest.xml:41:17-44:51
74                    android:host="firebase.auth"
74-->[com.google.firebase:firebase-auth:22.0.0] AndroidManifest.xml:42:21-49
75                    android:path="/"
75-->[com.google.firebase:firebase-auth:22.0.0] AndroidManifest.xml:43:21-37
76                    android:scheme="recaptcha" />
76-->[com.google.firebase:firebase-auth:22.0.0] AndroidManifest.xml:44:21-48
77            </intent-filter>
78        </activity>
79
80        <service
80-->[com.google.firebase:firebase-auth:22.0.0] AndroidManifest.xml:66:9-72:19
81            android:name="com.google.firebase.components.ComponentDiscoveryService"
81-->[com.google.firebase:firebase-auth:22.0.0] AndroidManifest.xml:67:13-84
82            android:directBootAware="true"
82-->[com.google.firebase:firebase-common:20.3.3] AndroidManifest.xml:34:13-43
83            android:exported="false" >
83-->[com.google.firebase:firebase-auth:22.0.0] AndroidManifest.xml:68:13-37
84            <meta-data
84-->[com.google.firebase:firebase-auth:22.0.0] AndroidManifest.xml:69:13-71:85
85                android:name="com.google.firebase.components:com.google.firebase.auth.FirebaseAuthRegistrar"
85-->[com.google.firebase:firebase-auth:22.0.0] AndroidManifest.xml:70:17-109
86                android:value="com.google.firebase.components.ComponentRegistrar" />
86-->[com.google.firebase:firebase-auth:22.0.0] AndroidManifest.xml:71:17-82
87            <meta-data
87-->[com.google.firebase:firebase-database:20.2.2] AndroidManifest.xml:31:13-33:85
88                android:name="com.google.firebase.components:com.google.firebase.database.DatabaseRegistrar"
88-->[com.google.firebase:firebase-database:20.2.2] AndroidManifest.xml:32:17-109
89                android:value="com.google.firebase.components.ComponentRegistrar" />
89-->[com.google.firebase:firebase-database:20.2.2] AndroidManifest.xml:33:17-82
90            <meta-data
90-->[com.google.firebase:firebase-storage:20.2.1] AndroidManifest.xml:32:13-34:85
91                android:name="com.google.firebase.components:com.google.firebase.storage.StorageRegistrar"
91-->[com.google.firebase:firebase-storage:20.2.1] AndroidManifest.xml:33:17-107
92                android:value="com.google.firebase.components.ComponentRegistrar" />
92-->[com.google.firebase:firebase-storage:20.2.1] AndroidManifest.xml:34:17-82
93            <meta-data
93-->[com.google.firebase:firebase-messaging:23.1.2] AndroidManifest.xml:55:13-57:85
94                android:name="com.google.firebase.components:com.google.firebase.messaging.FirebaseMessagingRegistrar"
94-->[com.google.firebase:firebase-messaging:23.1.2] AndroidManifest.xml:56:17-119
95                android:value="com.google.firebase.components.ComponentRegistrar" />
95-->[com.google.firebase:firebase-messaging:23.1.2] AndroidManifest.xml:57:17-82
96            <meta-data
96-->[com.google.firebase:firebase-datatransport:18.1.7] AndroidManifest.xml:27:13-29:85
97                android:name="com.google.firebase.components:com.google.firebase.datatransport.TransportRegistrar"
97-->[com.google.firebase:firebase-datatransport:18.1.7] AndroidManifest.xml:28:17-115
98                android:value="com.google.firebase.components.ComponentRegistrar" />
98-->[com.google.firebase:firebase-datatransport:18.1.7] AndroidManifest.xml:29:17-82
99            <meta-data
99-->[com.google.firebase:firebase-installations:17.1.3] AndroidManifest.xml:17:13-19:85
100                android:name="com.google.firebase.components:com.google.firebase.installations.FirebaseInstallationsRegistrar"
100-->[com.google.firebase:firebase-installations:17.1.3] AndroidManifest.xml:18:17-127
101                android:value="com.google.firebase.components.ComponentRegistrar" />
101-->[com.google.firebase:firebase-installations:17.1.3] AndroidManifest.xml:19:17-82
102        </service>
103
104        <receiver
104-->[com.google.firebase:firebase-messaging:23.1.2] AndroidManifest.xml:31:9-38:20
105            android:name="com.google.firebase.iid.FirebaseInstanceIdReceiver"
105-->[com.google.firebase:firebase-messaging:23.1.2] AndroidManifest.xml:32:13-78
106            android:exported="true"
106-->[com.google.firebase:firebase-messaging:23.1.2] AndroidManifest.xml:33:13-36
107            android:permission="com.google.android.c2dm.permission.SEND" >
107-->[com.google.firebase:firebase-messaging:23.1.2] AndroidManifest.xml:34:13-73
108            <intent-filter>
108-->[com.google.firebase:firebase-messaging:23.1.2] AndroidManifest.xml:35:13-37:29
109                <action android:name="com.google.android.c2dm.intent.RECEIVE" />
109-->[com.google.firebase:firebase-messaging:23.1.2] AndroidManifest.xml:36:17-81
109-->[com.google.firebase:firebase-messaging:23.1.2] AndroidManifest.xml:36:25-78
110            </intent-filter>
111        </receiver>
112        <!--
113             FirebaseMessagingService performs security checks at runtime,
114             but set to not exported to explicitly avoid allowing another app to call it.
115        -->
116        <service
116-->[com.google.firebase:firebase-messaging:23.1.2] AndroidManifest.xml:44:9-51:19
117            android:name="com.google.firebase.messaging.FirebaseMessagingService"
117-->[com.google.firebase:firebase-messaging:23.1.2] AndroidManifest.xml:45:13-82
118            android:directBootAware="true"
118-->[com.google.firebase:firebase-messaging:23.1.2] AndroidManifest.xml:46:13-43
119            android:exported="false" >
119-->[com.google.firebase:firebase-messaging:23.1.2] AndroidManifest.xml:47:13-37
120            <intent-filter android:priority="-500" >
120-->[com.google.firebase:firebase-messaging:23.1.2] AndroidManifest.xml:48:13-50:29
120-->[com.google.firebase:firebase-messaging:23.1.2] AndroidManifest.xml:48:28-51
121                <action android:name="com.google.firebase.MESSAGING_EVENT" />
121-->[com.google.firebase:firebase-messaging:23.1.2] AndroidManifest.xml:49:17-78
121-->[com.google.firebase:firebase-messaging:23.1.2] AndroidManifest.xml:49:25-75
122            </intent-filter>
123        </service>
124        <service
124-->[com.google.android.datatransport:transport-backend-cct:3.1.8] AndroidManifest.xml:28:9-34:19
125            android:name="com.google.android.datatransport.runtime.backends.TransportBackendDiscovery"
125-->[com.google.android.datatransport:transport-backend-cct:3.1.8] AndroidManifest.xml:29:13-103
126            android:exported="false" >
126-->[com.google.android.datatransport:transport-backend-cct:3.1.8] AndroidManifest.xml:30:13-37
127            <meta-data
127-->[com.google.android.datatransport:transport-backend-cct:3.1.8] AndroidManifest.xml:31:13-33:39
128                android:name="backend:com.google.android.datatransport.cct.CctBackendFactory"
128-->[com.google.android.datatransport:transport-backend-cct:3.1.8] AndroidManifest.xml:32:17-94
129                android:value="cct" />
129-->[com.google.android.datatransport:transport-backend-cct:3.1.8] AndroidManifest.xml:33:17-36
130        </service>
131        <service
131-->[com.google.android.datatransport:transport-runtime:3.1.8] AndroidManifest.xml:26:9-30:19
132            android:name="com.google.android.datatransport.runtime.scheduling.jobscheduling.JobInfoSchedulerService"
132-->[com.google.android.datatransport:transport-runtime:3.1.8] AndroidManifest.xml:27:13-117
133            android:exported="false"
133-->[com.google.android.datatransport:transport-runtime:3.1.8] AndroidManifest.xml:28:13-37
134            android:permission="android.permission.BIND_JOB_SERVICE" >
134-->[com.google.android.datatransport:transport-runtime:3.1.8] AndroidManifest.xml:29:13-69
135        </service>
136
137        <receiver
137-->[com.google.android.datatransport:transport-runtime:3.1.8] AndroidManifest.xml:32:9-34:40
138            android:name="com.google.android.datatransport.runtime.scheduling.jobscheduling.AlarmManagerSchedulerBroadcastReceiver"
138-->[com.google.android.datatransport:transport-runtime:3.1.8] AndroidManifest.xml:33:13-132
139            android:exported="false" />
139-->[com.google.android.datatransport:transport-runtime:3.1.8] AndroidManifest.xml:34:13-37
140
141        <provider
141-->[com.google.firebase:firebase-common:20.3.3] AndroidManifest.xml:25:9-30:39
142            android:name="com.google.firebase.provider.FirebaseInitProvider"
142-->[com.google.firebase:firebase-common:20.3.3] AndroidManifest.xml:26:13-77
143            android:authorities="com.example.mim.firebaseinitprovider"
143-->[com.google.firebase:firebase-common:20.3.3] AndroidManifest.xml:27:13-72
144            android:directBootAware="true"
144-->[com.google.firebase:firebase-common:20.3.3] AndroidManifest.xml:28:13-43
145            android:exported="false"
145-->[com.google.firebase:firebase-common:20.3.3] AndroidManifest.xml:29:13-37
146            android:initOrder="100" />
146-->[com.google.firebase:firebase-common:20.3.3] AndroidManifest.xml:30:13-36
147
148        <activity
148-->[com.google.android.gms:play-services-base:18.1.0] AndroidManifest.xml:20:9-22:45
149            android:name="com.google.android.gms.common.api.GoogleApiActivity"
149-->[com.google.android.gms:play-services-base:18.1.0] AndroidManifest.xml:20:19-85
150            android:exported="false"
150-->[com.google.android.gms:play-services-base:18.1.0] AndroidManifest.xml:22:19-43
151            android:theme="@android:style/Theme.Translucent.NoTitleBar" />
151-->[com.google.android.gms:play-services-base:18.1.0] AndroidManifest.xml:21:19-78
152
153        <meta-data
153-->[com.google.android.gms:play-services-basement:18.1.0] AndroidManifest.xml:21:9-23:69
154            android:name="com.google.android.gms.version"
154-->[com.google.android.gms:play-services-basement:18.1.0] AndroidManifest.xml:22:13-58
155            android:value="@integer/google_play_services_version" />
155-->[com.google.android.gms:play-services-basement:18.1.0] AndroidManifest.xml:23:13-66
156
157        <provider
157-->[androidx.emoji2:emoji2:1.0.0] AndroidManifest.xml:26:9-34:20
158            android:name="androidx.startup.InitializationProvider"
158-->[androidx.emoji2:emoji2:1.0.0] AndroidManifest.xml:27:13-67
159            android:authorities="com.example.mim.androidx-startup"
159-->[androidx.emoji2:emoji2:1.0.0] AndroidManifest.xml:28:13-68
160            android:exported="false" >
160-->[androidx.emoji2:emoji2:1.0.0] AndroidManifest.xml:29:13-37
161            <meta-data
161-->[androidx.emoji2:emoji2:1.0.0] AndroidManifest.xml:31:13-33:52
162                android:name="androidx.emoji2.text.EmojiCompatInitializer"
162-->[androidx.emoji2:emoji2:1.0.0] AndroidManifest.xml:32:17-75
163                android:value="androidx.startup" />
163-->[androidx.emoji2:emoji2:1.0.0] AndroidManifest.xml:33:17-49
164            <meta-data
164-->[androidx.lifecycle:lifecycle-process:2.4.0] AndroidManifest.xml:31:13-33:52
165                android:name="androidx.lifecycle.ProcessLifecycleInitializer"
165-->[androidx.lifecycle:lifecycle-process:2.4.0] AndroidManifest.xml:32:17-78
166                android:value="androidx.startup" />
166-->[androidx.lifecycle:lifecycle-process:2.4.0] AndroidManifest.xml:33:17-49
167        </provider>
168    </application>
169
170</manifest>